#
# An unexpected error has been detected by Java Runtime Environment:
#
#  EXCEPTION_ACCESS_VIOLATION (0xc0000005) at pc=0x000000000334d710, pid=3956, tid=2816
#
# Java VM: Java HotSpot(TM) 64-Bit Server VM (1.6.0-b105 mixed mode)
# Problematic frame:
# C  [hg.dll+0xed710]
#
# If you would like to submit a bug report, please visit:
#   http://java.sun.com/webapps/bugreport/crash.jsp
#

---------------  T H R E A D  ---------------

Current thread (0x000000000417f800):  JavaThread "main" [_thread_in_native, id=2816]

siginfo: ExceptionCode=0xc0000005, reading address 0x0000000000000158

Registers:
EAX=0x0000000000000010, EBX=0x0000000000000000, ECX=0x0000000000000000, EDX=0x00000000033c50b0
ESP=0x00000000010264d8, EBP=0x0000000000000000, ESI=0x00000000033ae63c, EDI=0x00000000033ae63c
EIP=0x000000000334d710, EFLAGS=0x0000000000010202

Top of Stack: (sp=0x00000000010264d8)
0x00000000010264d8:   00000000033623c6 0000000000000000
0x00000000010264e8:   0000000000000000 0000000000000000
0x00000000010264f8:   0000000000000001 0000000015525680
0x0000000001026508:   0000000000000000 000000001574d720
0x0000000001026518:   00000000032f92ed 00000000315166e0
0x0000000001026528:   0000000000000000 0000000001026650
0x0000000001026538:   000000000417f800 0000000005e4ed70
0x0000000001026548:   00000000030c21cd 0000000005da0ed0
0x0000000001026558:   0000000001026668 00000000fffffffe
0x0000000001026568:   00000000041be440 fffffffffffffffe
0x0000000001026578:   000000000c926b92 00000000122a2f7a
0x0000000001026588:   0000000002fd539d 0000000001026650
0x0000000001026598:   0000000000000000 00000000041be4c8
0x00000000010265a8:   00000000041be4c8 00000000155246f0
0x00000000010265b8:   0000000002f5022f 00000000010266b0
0x00000000010265c8:   00000000155246f0 000000001574d720 

Instructions: (pc=0x000000000334d710)
0x000000000334d700:   48 8b 81 e0 01 00 00 c3 cc cc cc cc cc cc cc cc
0x000000000334d710:   48 8b 81 58 01 00 00 c3 cc cc cc cc cc cc cc cc 


Stack: [0x0000000000030000,0x0000000001030000),  sp=0x00000000010264d8,  free space=16345k
Native frames: (J=compiled Java code, j=interpreted, Vv=VM code, C=native code)
C  [hg.dll+0xed710]

[error occurred during error reporting, step 120, id 0xc0000005]

Java frames: (J=compiled Java code, j=interpreted, Vv=VM code)
j  com.mathworks.jmi.NativeMatlab.ProcessPendingEvents()Z+0
j  com.mathworks.jmi.NativeMatlab.processPendingEvents()Z+8
j  com.mathworks.jmi.Matlab$ProcessPendingEvents.callBooleanMethod(Ljava/lang/Object;)Z+0
j  com.mathworks.util.FactoryUtils.processPendingEvents()Z+12
j  com.mathworks.mde.desk.MLDesktop.canClose()Z+84
v  ~StubRoutines::call_stub
j  sun.reflect.NativeMethodAccessorImpl.invoke0(Ljava/lang/reflect/Method;Ljava/lang/Object;[Ljava/lang/Object;)Ljava/lang/Object;+0
j  sun.reflect.NativeMethodAccessorImpl.invoke(Ljava/lang/Object;[Ljava/lang/Object;)Ljava/lang/Object;+87
j  sun.reflect.DelegatingMethodAccessorImpl.invoke(Ljava/lang/Object;[Ljava/lang/Object;)Ljava/lang/Object;+6
j  java.lang.reflect.Method.invoke(Ljava/lang/Object;[Ljava/lang/Object;)Ljava/lang/Object;+161
j  com.mathworks.jmi.Matlab.isOkToExit()Z+71
v  ~StubRoutines::call_stub
j  com.mathworks.jmi.NativeMatlab.SendMatlabMessage(Ljava/lang/Object;)Ljava/lang/Object;+0
j  com.mathworks.jmi.NativeMatlab.sendMatlabMessage(Ljava/lang/Object;)Ljava/lang/Object;+22
j  com.mathworks.jmi.MatlabLooper.sendMatlabMessage(Lcom/mathworks/services/message/MWMessage;)Ljava/lang/Object;+20
j  com.mathworks.jmi.Matlab.mtFevalConsoleOutput(Ljava/lang/String;[Ljava/lang/Object;I)Ljava/lang/Object;+48
j  com.mathworks.mde.desk.MLDesktop$5.run()V+14
j  com.mathworks.jmi.NativeMatlab.dispatchMTRequests(Z)V+50
v  ~StubRoutines::call_stub

---------------  P R O C E S S  ---------------

Java Threads: ( => current thread )
  0x0000000011a9f000 JavaThread "Active Reference Queue Daemon" daemon [_thread_blocked, id=5296]
  0x0000000011a9e800 JavaThread "Timer-3" daemon [_thread_blocked, id=1000]
  0x0000000011b3e400 JavaThread "Timer-1" daemon [_thread_blocked, id=6856]
  0x000000001167ac00 JavaThread "TimerQueue" daemon [_thread_blocked, id=3712]
  0x000000001164a800 JavaThread "AWT-EventQueue-0" [_thread_blocked, id=6888]
  0x0000000011589800 JavaThread "AWT-Windows" daemon [_thread_in_native, id=4384]
  0x0000000011589000 JavaThread "AWT-Shutdown" [_thread_blocked, id=6548]
  0x0000000011576400 JavaThread "Java2D Disposer" daemon [_thread_blocked, id=2712]
  0x000000001104fc00 JavaThread "Timer-0" [_thread_blocked, id=6496]
  0x000000000f976800 JavaThread "Low Memory Detector" daemon [_thread_blocked, id=4464]
  0x000000000f970400 JavaThread "CompilerThread1" daemon [_thread_blocked, id=6180]
  0x000000000f95b400 JavaThread "CompilerThread0" daemon [_thread_blocked, id=7112]
  0x000000000f954c00 JavaThread "Attach Listener" daemon [_thread_blocked, id=6384]
  0x000000000f953800 JavaThread "Signal Dispatcher" daemon [_thread_blocked, id=2224]
  0x000000000f936400 JavaThread "Finalizer" daemon [_thread_blocked, id=6176]
  0x000000000f935800 JavaThread "Reference Handler" daemon [_thread_blocked, id=6256]
=>0x000000000417f800 JavaThread "main" [_thread_in_native, id=2816]

Other Threads:
  0x000000000f931c00 VMThread [id=4876]
  0x00000000041c4c00 WatcherThread [id=5920]

VM state:not at safepoint (normal execution)

VM Mutex/Monitor currently owned by a thread: None

Heap
 PSYoungGen      total 14912K, used 7753K [0x00000000265a0000, 0x00000000279b0000, 0x00000000296a0000)
  eden space 10432K, 69% used [0x00000000265a0000,0x0000000026caa7d8,0x0000000026fd0000)
  from space 4480K, 12% used [0x0000000027550000,0x00000000275d8018,0x00000000279b0000)
  to   space 5056K, 0% used [0x0000000026fd0000,0x0000000026fd0000,0x00000000274c0000)
 PSOldGen        total 59904K, used 36570K [0x000000001d2a0000, 0x0000000020d20000, 0x00000000265a0000)
  object space 59904K, 61% used [0x000000001d2a0000,0x000000001f656a68,0x0000000020d20000)
 PSPermGen       total 83776K, used 38580K [0x00000000152a0000, 0x000000001a470000, 0x000000001d2a0000)
  object space 83776K, 46% used [0x00000000152a0000,0x000000001784d008,0x000000001a470000)

Dynamic libraries:
0x0000000140000000 - 0x00000001400ed000 	C:\Program Files\MATLAB\R2007b\bin\win64\MATLAB.exe
0x0000000076fd0000 - 0x0000000077179000 	C:\Windows\SYSTEM32\ntdll.dll
0x0000000076d50000 - 0x0000000076e6f000 	C:\Windows\system32\kernel32.dll
0x000007fefd4e0000 - 0x000007fefd54c000 	C:\Windows\system32\KERNELBASE.dll
0x0000000074840000 - 0x000000007487f000 	C:\Program Files\AVAST Software\Avast\snxhk64.dll
0x0000000180000000 - 0x00000001801fb000 	C:\Program Files\MATLAB\R2007b\bin\win64\libmwservices.dll
0x00000000011f0000 - 0x000000000124f000 	C:\Program Files\MATLAB\R2007b\bin\win64\libmwmathutil.dll
0x0000000001260000 - 0x00000000012cb000 	C:\Program Files\MATLAB\R2007b\bin\win64\libmx.dll
0x00000000012e0000 - 0x00000000016e5000 	C:\Program Files\MATLAB\R2007b\bin\win64\libut.dll
0x000007feff2c0000 - 0x000007feff2d9000 	C:\Windows\system32\imagehlp.dll
0x000007fefee30000 - 0x000007fefeecf000 	C:\Windows\system32\msvcrt.dll
0x000007fefec10000 - 0x000007fefeceb000 	C:\Windows\system32\ADVAPI32.dll
0x000007fefea10000 - 0x000007fefea2f000 	C:\Windows\SYSTEM32\sechost.dll
0x000007feff050000 - 0x000007feff17d000 	C:\Windows\system32\RPCRT4.dll
0x0000000077190000 - 0x0000000077197000 	C:\Windows\system32\PSAPI.DLL
0x0000000012000000 - 0x0000000012292000 	C:\Program Files\MATLAB\R2007b\bin\win64\xerces-c_2_7.dll
0x000000004a800000 - 0x000000004a920000 	C:\Program Files\MATLAB\R2007b\bin\win64\icuuc36.dll
0x0000000010000000 - 0x0000000010003000 	C:\Program Files\MATLAB\R2007b\bin\win64\icudt36.dll
0x000000006f3f0000 - 0x000000006f4b9000 	C:\Windows\WinSxS\amd64_microsoft.vc80.crt_1fc8b3b9a1e18e3b_8.0.50727.6195_none_88e41e092fab0294\MSVCR80.dll
0x000007feff190000 - 0x000007feff1dd000 	C:\Windows\system32\WS2_32.dll
0x000007feff180000 - 0x000007feff188000 	C:\Windows\system32\NSI.dll
0x0000000001730000 - 0x0000000001842000 	C:\Program Files\MATLAB\R2007b\bin\win64\icuin36.dll
0x000000004ab00000 - 0x000000004ab11000 	C:\Program Files\MATLAB\R2007b\bin\win64\icuio36.dll
0x000000006f2e0000 - 0x000000006f3e9000 	C:\Windows\WinSxS\amd64_microsoft.vc80.crt_1fc8b3b9a1e18e3b_8.0.50727.6195_none_88e41e092fab0294\MSVCP80.dll
0x0000000076a40000 - 0x0000000076b3a000 	C:\Windows\system32\USER32.dll
0x000007fefe9a0000 - 0x000007fefea07000 	C:\Windows\system32\GDI32.dll
0x000007feff2b0000 - 0x000007feff2be000 	C:\Windows\system32\LPK.dll
0x000007feff1e0000 - 0x000007feff2a9000 	C:\Windows\system32\USP10.dll
0x0000000001870000 - 0x0000000001887000 	C:\Program Files\MATLAB\R2007b\bin\win64\zlib1.dll
0x0000000001890000 - 0x00000000018e4000 	C:\Program Files\MATLAB\R2007b\bin\win64\mpath.dll
0x000007fefafc0000 - 0x000007fefb060000 	C:\Windows\WinSxS\amd64_microsoft.windows.common-controls_6595b64144ccf1df_5.82.7601.17514_none_a4d6a923711520a9\COMCTL32.dll
0x000007fefefb0000 - 0x000007feff047000 	C:\Windows\system32\comdlg32.dll
0x000007fefdb30000 - 0x000007fefdba1000 	C:\Windows\system32\SHLWAPI.dll
0x000007fefdbb0000 - 0x000007fefe938000 	C:\Windows\system32\SHELL32.dll
0x000007fefb1d0000 - 0x000007fefb1e6000 	C:\Windows\system32\NETAPI32.dll
0x000007fefb1c0000 - 0x000007fefb1cc000 	C:\Windows\system32\netutils.dll
0x000007fefcf40000 - 0x000007fefcf63000 	C:\Windows\system32\srvcli.dll
0x000007fefb1a0000 - 0x000007fefb1b5000 	C:\Windows\system32\wkscli.dll
0x0000000001900000 - 0x000000000194f000 	C:\Program Files\MATLAB\R2007b\bin\win64\mcr.dll
0x0000000001960000 - 0x000000000197e000 	C:\Program Files\MATLAB\R2007b\bin\win64\bridge.dll
0x0000000001990000 - 0x00000000019a0000 	C:\Program Files\MATLAB\R2007b\bin\win64\iqm.dll
0x00000000019b0000 - 0x00000000019c1000 	C:\Program Files\MATLAB\R2007b\bin\win64\libmex.dll
0x00000000019e0000 - 0x0000000001a64000 	C:\Program Files\MATLAB\R2007b\bin\win64\m_dispatcher.dll
0x0000000001a80000 - 0x0000000001aa5000 	C:\Program Files\MATLAB\R2007b\bin\win64\datasvcs.dll
0x0000000001ac0000 - 0x00000000022ee000 	C:\Program Files\MATLAB\R2007b\bin\win64\m_interpreter.dll
0x000007fef9030000 - 0x000007fef9155000 	C:\Windows\system32\dbghelp.dll
0x0000000002300000 - 0x0000000002330000 	C:\Program Files\MATLAB\R2007b\bin\win64\libmat.dll
0x0000000002340000 - 0x0000000002452000 	C:\Program Files\MATLAB\R2007b\bin\win64\libhdf5.dll
0x0000000002460000 - 0x000000000246b000 	C:\Program Files\MATLAB\R2007b\bin\win64\libmwmathrng.dll
0x0000000002480000 - 0x00000000024c8000 	C:\Program Files\MATLAB\R2007b\bin\win64\m_ir.dll
0x00000000024e0000 - 0x0000000002a98000 	C:\Program Files\MATLAB\R2007b\bin\win64\m_parser.dll
0x0000000002ab0000 - 0x0000000002ac0000 	C:\Program Files\MATLAB\R2007b\bin\win64\ir_xfmr.dll
0x0000000002ad0000 - 0x0000000002c86000 	C:\Program Files\MATLAB\R2007b\bin\win64\mcos.dll
0x0000000002ca0000 - 0x0000000002cac000 	C:\Program Files\MATLAB\R2007b\bin\win64\mtok.dll
0x0000000002cc0000 - 0x0000000002ce0000 	C:\Program Files\MATLAB\R2007b\bin\win64\m_pcodegen.dll
0x0000000002cf0000 - 0x0000000002d0b000 	C:\Program Files\MATLAB\R2007b\bin\win64\m_pcodeio.dll
0x0000000002d20000 - 0x0000000002d8c000 	C:\Program Files\MATLAB\R2007b\bin\win64\profiler.dll
0x0000000002da0000 - 0x0000000002db2000 	C:\Program Files\MATLAB\R2007b\bin\win64\boost_thread-vc80-mt-1_33_1.dll
0x0000000002dd0000 - 0x0000000002e90000 	C:\Program Files\MATLAB\R2007b\bin\win64\udd.dll
0x0000000002ea0000 - 0x0000000002f0b000 	C:\Program Files\MATLAB\R2007b\bin\win64\comcli.dll
0x0000000002f20000 - 0x0000000002f72000 	C:\Program Files\MATLAB\R2007b\bin\win64\jmi.dll
0x000007fefb3c0000 - 0x000007fefb3c9000 	C:\Windows\system32\WSOCK32.dll
0x0000000002f90000 - 0x000000000303f000 	C:\Program Files\MATLAB\R2007b\bin\win64\uiw.dll
0x0000000003050000 - 0x0000000003166000 	C:\Program Files\MATLAB\R2007b\bin\win64\libmwgui.dll
0x0000000003180000 - 0x00000000031be000 	C:\Program Files\MATLAB\R2007b\bin\win64\libmwhardcopy.dll
0x00000000031d0000 - 0x0000000003221000 	C:\Program Files\MATLAB\R2007b\bin\win64\libuij.dll
0x0000000003240000 - 0x000000000324a000 	C:\Program Files\MATLAB\R2007b\bin\win64\uinone.dll
0x0000000052590000 - 0x000000005272c000 	C:\Windows\WinSxS\amd64_microsoft.vc80.mfc_1fc8b3b9a1e18e3b_8.0.50727.6195_none_8448b2bd328df189\MFC80.DLL
0x000007fef82a0000 - 0x000007fef8311000 	C:\Windows\system32\WINSPOOL.DRV
0x000007fefd8a0000 - 0x000007fefdaa3000 	C:\Windows\system32\ole32.dll
0x000007fefeed0000 - 0x000007fefefa7000 	C:\Windows\system32\OLEAUT32.dll
0x0000000063710000 - 0x0000000063730000 	C:\Windows\WinSxS\amd64_microsoft.vc80.atl_1fc8b3b9a1e18e3b_8.0.50727.6195_none_8a1dd9552ed7f8d8\ATL80.DLL
0x0000000003260000 - 0x0000000003470000 	C:\Program Files\MATLAB\R2007b\bin\win64\hg.dll
0x0000000003480000 - 0x00000000036f9000 	C:\Program Files\MATLAB\R2007b\bin\win64\numerics.dll
0x0000000003710000 - 0x000000000371c000 	C:\Program Files\MATLAB\R2007b\bin\win64\libmwamd.dll
0x0000000003720000 - 0x00000000037b1000 	C:\Program Files\MATLAB\R2007b\bin\win64\libmwcholmod.dll
0x00000000037c0000 - 0x00000000037cb000 	C:\Program Files\MATLAB\R2007b\bin\win64\libmwcolamd.dll
0x00000000037d0000 - 0x00000000037ee000 	C:\Program Files\MATLAB\R2007b\bin\win64\libmwlapack.dll
0x0000000003800000 - 0x0000000003810000 	C:\Program Files\MATLAB\R2007b\bin\win64\libmwbinder.dll
0x0000000003820000 - 0x000000000382c000 	C:\Program Files\MATLAB\R2007b\bin\win64\libmwblas.dll
0x0000000003840000 - 0x0000000003848000 	C:\Program Files\MATLAB\R2007b\bin\win64\libmwcsparse.dll
0x0000000003850000 - 0x000000000387d000 	C:\Program Files\MATLAB\R2007b\bin\win64\libmwma57.dll
0x0000000003880000 - 0x000000000394c000 	C:\Program Files\MATLAB\R2007b\bin\win64\libifcoremd.dll
0x0000000003950000 - 0x0000000003b6a000 	C:\Program Files\MATLAB\R2007b\bin\win64\libmmd.dll
0x0000000003b70000 - 0x0000000003c39000 	C:\Program Files\MATLAB\R2007b\bin\win64\libmwumfpack.dll
0x0000000003c40000 - 0x0000000003ce6000 	C:\Program Files\MATLAB\R2007b\bin\win64\libfftw3.dll
0x0000000003d00000 - 0x0000000003da1000 	C:\Program Files\MATLAB\R2007b\bin\win64\libfftw3f.dll
0x0000000003dc0000 - 0x0000000003dce000 	C:\Program Files\MATLAB\R2007b\bin\win64\mlautoregister.dll
0x0000000003de0000 - 0x0000000003df7000 	C:\Program Files\MATLAB\R2007b\bin\win64\mwoles05.DLL
0x0000000003e10000 - 0x0000000003e9f000 	C:\Program Files\MATLAB\R2007b\bin\win64\udd_mi.dll
0x000007fefee00000 - 0x000007fefee2e000 	C:\Windows\system32\IMM32.DLL
0x000007fefecf0000 - 0x000007fefedf9000 	C:\Windows\system32\MSCTF.dll
0x0000000065250000 - 0x000000006525d000 	C:\Windows\WinSxS\amd64_microsoft.vc80.mfcloc_1fc8b3b9a1e18e3b_8.0.50727.6195_none_bc20f59b0bdd1acd\MFC80ENU.DLL
0x0000000007500000 - 0x0000000007aa7000 	C:\Program Files\MATLAB\R2007b\bin\win64\mllapack.dll
0x0000000007ab0000 - 0x0000000007f38000 	C:\Program Files\MATLAB\R2007b\bin\win64\acml.dll
0x0000000003f20000 - 0x0000000003f65000 	C:\Program Files\MATLAB\R2007b\bin\win64\libguide40.dll
0x000007fefbaa0000 - 0x000007fefbaf6000 	C:\Windows\system32\uxtheme.dll
0x000007fefd390000 - 0x000007fefd39f000 	C:\Windows\system32\profapi.dll
0x000007fefd320000 - 0x000007fefd32f000 	C:\Windows\system32\CRYPTBASE.dll
0x000007fefbe60000 - 0x000007fefc054000 	C:\Windows\WinSxS\amd64_microsoft.windows.common-controls_6595b64144ccf1df_6.0.7601.17514_none_fa396087175ac9ac\comctl32.dll
0x000007fefea30000 - 0x000007fefec07000 	C:\Windows\system32\SETUPAPI.dll
0x000007fefd550000 - 0x000007fefd586000 	C:\Windows\system32\CFGMGR32.dll
0x000007fefd590000 - 0x000007fefd5aa000 	C:\Windows\system32\DEVOBJ.dll
0x000007fefd800000 - 0x000007fefd899000 	C:\Windows\system32\CLBCatQ.DLL
0x000007fefbb90000 - 0x000007fefbcbc000 	C:\Windows\system32\propsys.dll
0x000007fefb610000 - 0x000007fefb63d000 	C:\Windows\system32\ntmarta.dll
0x000007fefe940000 - 0x000007fefe992000 	C:\Windows\system32\WLDAP32.dll
0x0000000074710000 - 0x0000000074713000 	C:\Windows\system32\icmp.Dll
0x000007fefa7a0000 - 0x000007fefa7c7000 	C:\Windows\system32\iphlpapi.DLL
0x000007fefa750000 - 0x000007fefa75b000 	C:\Windows\system32\WINNSI.DLL
0x000000000c7b0000 - 0x000000000cd01000 	C:\Program Files\MATLAB\R2007b\sys\java\jre\win64\jre1.6.0\bin\server\jvm.dll
0x000007fefba60000 - 0x000007fefba9b000 	C:\Windows\system32\WINMM.dll
0x0000000004390000 - 0x000000000439a000 	C:\Program Files\MATLAB\R2007b\sys\java\jre\win64\jre1.6.0\bin\hpi.dll
0x0000000004420000 - 0x000000000442e000 	C:\Program Files\MATLAB\R2007b\sys\java\jre\win64\jre1.6.0\bin\verify.dll
0x0000000004660000 - 0x0000000004687000 	C:\Program Files\MATLAB\R2007b\sys\java\jre\win64\jre1.6.0\bin\java.dll
0x0000000004430000 - 0x0000000004442000 	C:\Program Files\MATLAB\R2007b\sys\java\jre\win64\jre1.6.0\bin\zip.dll
0x0000000004690000 - 0x00000000046a6000 	C:\Program Files\MATLAB\R2007b\bin\win64\nativejava.dll
0x0000000006d10000 - 0x0000000006d26000 	C:\Program Files\MATLAB\R2007b\bin\win64\nativejmi.dll
0x0000000006e50000 - 0x0000000006e57000 	C:\Program Files\MATLAB\R2007b\bin\win64\nativeservices.dll
0x000000000fd90000 - 0x000000000ffe0000 	C:\Program Files\MATLAB\R2007b\sys\java\jre\win64\jre1.6.0\bin\awt.dll
0x000007fefb680000 - 0x000007fefb698000 	C:\Windows\system32\dwmapi.dll
0x0000000011d90000 - 0x0000000011df9000 	C:\Program Files\MATLAB\R2007b\sys\java\jre\win64\jre1.6.0\bin\fontmanager.dll
0x00000000086e0000 - 0x00000000086f7000 	C:\Program Files\MATLAB\R2007b\sys\java\jre\win64\jre1.6.0\bin\net.dll
0x000007fefcc60000 - 0x000007fefccb5000 	C:\Windows\system32\mswsock.dll
0x000007fefcc50000 - 0x000007fefcc57000 	C:\Windows\System32\wship6.dll
0x0000000008720000 - 0x000000000872b000 	C:\Program Files\MATLAB\R2007b\sys\java\jre\win64\jre1.6.0\bin\nio.dll
0x0000000011fb0000 - 0x0000000011fbd000 	C:\Program Files\MATLAB\R2007b\bin\win64\nativecmdwin.dll
0x000007fedd380000 - 0x000007fedd45c000 	C:\Windows\system32\spool\DRIVERS\x64\3\UNIDRVUI.DLL

VM Arguments:
jvm_args: -Xss512k -XX:PermSize=32M -Xms64m -XX:NewRatio=3 -XX:MaxPermSize=128M -Xmx196m -XX:MaxDirectMemorySize=2147400000 -Dsun.java2d.noddraw=true -Dsun.awt.nopixfmt=true -Xshare:off -Djava.library.path=C:\Program Files\MATLAB\R2007b\bin\win64 vfprintf abort
java_command: <unknown>
Launcher Type: generic

Environment Variables:
CLASSPATH=C:\Program Files (x86)\OpenNI\Bin\org.OpenNI.jar
PATH=C:\Program Files (x86)\AMD APP\bin\x86_64;C:\Program Files (x86)\AMD APP\bin\x86;C:\Program Files (x86)\MiKTeX 2.9\miktex\bin;C:\Program Files\Common Files\Microsoft Shared\Windows Live;C:\Program Files (x86)\Common Files\Microsoft Shared\Windows Live;C:\Windows\system32;C:\Windows;C:\Windows\System32\Wbem;C:\Windows\System32\WindowsPowerShell\v1.0\;C:\Program Files (x86)\Common Files\Roxio Shared\DLLShared\;C:\Program Files (x86)\Common Files\Roxio Shared\DLLShared\;C:\Program Files (x86)\Common Files\Roxio Shared\12.0\DLLShared\;C:\Program Files (x86)\Windows Live\Shared;C:\Program Files (x86)\ATI Technologies\ATI.ACE\Core-Static;C:\Program Files\MATLAB\R2007b\bin;C:\Program Files\MATLAB\R2007b\bin\win64;C:\Program Files (x86)\CMake 2.8\bin;C:\Python272;C:\MinGW\bin;C:\Program Files\TortoiseSVN\bin;C:\Program Files (x86)\OpenNI\Bin;c:\Program Files (x86)\Microsoft SQL Server\100\Tools\Binn\;c:\Program Files\Microsoft SQL Server\100\Tools\Binn\;c:\Program Files\Microsoft SQL Server\100\DTS\Binn\;C:\Program Files (x86)\IVI Foundation\IVI\bin;C:\Program Files\IVI Foundation\IVI\bin;C:\Program Files\IVI Foundation\VISA\Win64\Bin\;C:\Program Files (x86)\IVI Foundation\VISA\WinNT\Bin\;C:\PROGRA~2\IVIFOU~1\VISA\WinNT\Bin;C:\Program Files (x86)\IVI Foundation\VISA\WinNT\Bin;C:\Program Files\MATLAB\MATLAB Compiler Runtime\v717\runtime\win64;C:\Modeltech_pe_edu_10.1\win32pe_edu
USERNAME=Kevin
OS=Windows_NT
PROCESSOR_IDENTIFIER=AMD64 Family 18 Model 1 Stepping 0, AuthenticAMD



---------------  S Y S T E M  ---------------

OS: Windows NT 6.1 Build 7601 Service Pack 1

CPU:total 4 amd64 3dnow ht

Memory: 4k page, physical 3648412k(874984k free), swap 7294972k(2693308k free)

vm_info: Java HotSpot(TM) 64-Bit Server VM (1.6.0-b105) for windows-amd64, built on Nov 29 2006 00:38:01 by "java_re" with unknown MS VC++:1400

